#
# Copyright 2016-2017 The Reaktivity Project
#
# The Reaktivity Project licenses this file to you under the Apache License,
# version 2.0 (the "License"); you may not use this file except in compliance
# with the License. You may obtain a copy of the License at:
#
#   http://www.apache.org/licenses/LICENSE-2.0
#
# Unless required by applicable law or agreed to in writing, software
# distributed under the License is distributed on an "AS IS" BASIS, WITHOUT
# WARRANTIES OR CONDITIONS OF ANY KIND, either express or implied. See the
# License for the specific language governing permissions and limitations
# under the License.
#

property newTargetInputRef ${nuklei:newReferenceId()} # external scope

property nuklei ${nuklei:directory("target/nukleus-itests").streamsCapacity(1024 * 1024, 64 * 1024)}

property targetInput ${nuklei.streams("target", "tcp#any")}
property targetOutputEst ${nuklei.streams("tcp", "target#partition")}

property newTargetInputId ${nuklei:newStreamId()}
property newCorrelationId ${nuklei:newCorrelationId()}

connect await ROUTED_INPUT
        "agrona://stream/bidirectional"
        option agrona:reader ${agrona:oneToOneReader(targetInput.throttle)}
        option agrona:writer ${agrona:oneToOneWriter(targetInput.buffer)}
connected

write [0x00 0x00 0x00 0x01]
write ${newTargetInputId}
write ${newTargetInputRef}
write ${newCorrelationId}
write [0x01] [0x7f 0x00 0x00 0x01]
write [0x1f 0x90]
write [0x01] [0x7f 0x00 0x00 0x01]
write [0x9f 0x90]
write flush

read [0x40 0x00 0x00 0x02]
read ${newTargetInputId}
read [0..4]

close
closed

connect await ROUTED_INPUT
        "agrona://stream/bidirectional"
        option agrona:reader ${agrona:oneToOneReader(targetOutputEst.buffer)}
        option agrona:writer ${agrona:oneToOneWriter(targetOutputEst.throttle)}
connected

read [0x00 0x00 0x00 0x01]
read ([0..8]:targetOutputEstId)
read [0x00 0x00 0x00 0x00 0x00 0x00 0x00 0x00]
read ${newCorrelationId}

write [0x40 0x00 0x00 0x02]
write ${targetOutputEstId}
write [0x00 0x02 0x00 0x00]
write flush

read [0x00 0x00 0x00 0x02]
read ${targetOutputEstId}
read [0x00 0x0b]
read "server data"

write [0x40 0x00 0x00 0x02]
write ${targetOutputEstId}
write [0x00 0x00 0x00 0x0d]
write flush

read [0x00 0x00 0x00 0x03]
read ${targetOutputEstId}

read [0x00 0x00 0x00 0x02]
read ${targetOutputEstId}
read [0x00 0x07] "invalid"

write [0x40 0x00 0x00 0x01]
write ${targetOutputEstId}
write flush

close
closed
