#
# Copyright 2016-2017 The Reaktivity Project
#
# The Reaktivity Project licenses this file to you under the Apache License,
# version 2.0 (the "License"); you may not use this file except in compliance
# with the License. You may obtain a copy of the License at:
#
#   http://www.apache.org/licenses/LICENSE-2.0
#
# Unless required by applicable law or agreed to in writing, software
# distributed under the License is distributed on an "AS IS" BASIS, WITHOUT
# WARRANTIES OR CONDITIONS OF ANY KIND, either express or implied. See the
# License for the specific language governing permissions and limitations
# under the License.
#

property nuklei ${nuklei:directory("target/nukleus-itests").streamsCapacity(1024 * 1024, 64 * 1024)}

property targetInput ${nuklei.streams("target", "tcp#any")}
property targetOutputEst ${nuklei.streams("tcp", "target")}

property newTargetOutputEstId1 ${nuklei:newStreamId()}
property newTargetOutputEstId2 ${nuklei:newStreamId()}

connect await ROUTED_INPUT
        agrona://stream/bidirectional
        option reader ${agrona:oneToOneReader(targetInput.buffer)}
        option writer ${agrona:oneToOneWriter(targetInput.throttle)}
connected

# Stream 1 BEGIN
read [0x00 0x00 0x00 0x01]
read ([0..8]:targetInputId1)
read ([0..8]:targetInputRef)
read ([0..8]:correlationId1)
read [0x10]
read ([0..8]:localAddress)
read ([0..8]:remoteAddress1)

write notify BEGIN_ONE_RECEIVED

# Stream 2 BEGIN
read [0x00 0x00 0x00 0x01]
read ([0..8]:targetInputId2)
read ([0..8]:targetInputRef)
read ([0..8]:correlationId2)
read [0x10]
read ([0..8]:localAddress)
read ([0..8]:remoteAddress2)

write notify BEGIN_TWO_RECEIVED

write [0x40 0x00 0x00 0x02]
write ${targetInputId1}
write [0x00 0x02 0x00 0x00]
write flush

read [0x00 0x00 0x00 0x02]
read ${targetInputId1}
read [0x0d] "client data 1"
read [0x00]

write [0x40 0x00 0x00 0x02]
write ${targetInputId2}
write [0x00 0x02 0x00 0x00]
write flush

read [0x00 0x00 0x00 0x02]
read ${targetInputId2}
read [0x0d] "client data 2"
read [0x00]

connect await ROUTED_INPUT
        agrona://stream/bidirectional
        option reader ${agrona:oneToOneReader(targetOutputEst.throttle)}
        option writer ${agrona:oneToOneWriter(targetOutputEst.buffer)}
connected

write await BEGIN_ONE_RECEIVED

write [0x00 0x00 0x00 0x01]
write ${newTargetOutputEstId1}
write [0x00 0x00 0x00 0x00 0x00 0x00 0x00 0x00]
write ${correlationId1}
write [0x00]
write flush

write await BEGIN_TWO_RECEIVED

write [0x00 0x00 0x00 0x01]
write ${newTargetOutputEstId2}
write [0x00 0x00 0x00 0x00 0x00 0x00 0x00 0x00]
write ${correlationId2}
write [0x00]
write flush


