#
# Copyright 2016-2017 The Reaktivity Project
#
# The Reaktivity Project licenses this file to you under the Apache License,
# version 2.0 (the "License"); you may not use this file except in compliance
# with the License. You may obtain a copy of the License at:
#
#   http://www.apache.org/licenses/LICENSE-2.0
#
# Unless required by applicable law or agreed to in writing, software
# distributed under the License is distributed on an "AS IS" BASIS, WITHOUT
# WARRANTIES OR CONDITIONS OF ANY KIND, either express or implied. See the
# License for the specific language governing permissions and limitations
# under the License.
#

property nuklei ${nuklei:directory("target/nukleus-itests").streamsCapacity(1024 * 1024, 64 * 1024)}

property targetInput ${nuklei.streams("target", "tcp#any")}
property targetOutputEst ${nuklei.streams("tcp", "target#partition")}

property newTargetOutputEstIdReset ${nuklei:newStreamId()}

connect await ROUTED_INPUT
        agrona://stream/bidirectional
        option reader ${agrona:oneToOneReader(targetInput.buffer)}
        option writer ${agrona:oneToOneWriter(targetInput.throttle)}
connected

read [0x00 0x00 0x00 0x01]
read ([0..8]:targetInputIdReset)
read ([0..8]:targetInputRefReset)
read ([0..8]:correlationIdReset)
read [0x10]
read ([0..8]:localAddressReset)
read ([0..8]:remoteAddressReset)

write [0x40 0x00 0x00 0x02]
write ${targetInputIdReset}
write [0x00 0x02 0x00 0x00]
write flush

write notify WINDOW_UPDATED_RESET

close
closed

connect await ROUTED_INPUT
        agrona://stream/bidirectional
        option reader ${agrona:oneToOneReader(targetOutputEst.throttle)}
        option writer ${agrona:oneToOneWriter(targetOutputEst.buffer)}
connected

write await WINDOW_UPDATED_RESET

write [0x00 0x00 0x00 0x01]
write ${newTargetOutputEstIdReset}
write [0x00 0x00 0x00 0x00 0x00 0x00 0x00 0x00]
write ${correlationIdReset}
write [0x00]
write flush

read [0x40 0x00 0x00 0x02]
read ${newTargetOutputEstIdReset}
read [0..4]

write [0x00 0x00 0x00 0x02]
write ${newTargetOutputEstIdReset}
write [0x19] "server data causing reset"
write [0x00]
write flush

read [0x40 0x00 0x00 0x01]
read ${newTargetOutputEstIdReset}

close
closed
