#
# Copyright 2016-2017 The Reaktivity Project
#
# The Reaktivity Project licenses this file to you under the Apache License,
# version 2.0 (the "License"); you may not use this file except in compliance
# with the License. You may obtain a copy of the License at:
#
#   http://www.apache.org/licenses/LICENSE-2.0
#
# Unless required by applicable law or agreed to in writing, software
# distributed under the License is distributed on an "AS IS" BASIS, WITHOUT
# WARRANTIES OR CONDITIONS OF ANY KIND, either express or implied. See the
# License for the specific language governing permissions and limitations
# under the License.
#

property newTargetInputRef ${nuklei:newReferenceId()} # external scope

property nukleiRG010000C ${nuklei:directory("target/nukleus-itests").controlCapacity(1024, 1024)}

property controlRG010000C ${nukleiRG010000C.control("tcp")}

connect agrona://stream/bidirectional
        option reader ${agrona:broadcastReceiver(controlRG010000C.controller)}
        option writer ${agrona:manyToOneWriter(controlRG010000C.nukleus)}

connected

write [0x00 0x00 0x00 0x01]
write ${controlRG010000C.nextCorrelationId()}
write [0x00 0x00]
write [0x03] "any"
write [0x00 0x00 0x00 0x00 0x00 0x00 0x1f 0x90]
write [0x06] "target"
write ${newTargetInputRef}
write [0x06]
write [0x01] [0x04] [0x7f 0x00 0x00 0x01]
write flush

read [0x40 0x00 0x00 0x01]
read ${controlRG010000C.correlationId()}
read [0x00 0x00 0x00 0x00 0x00 0x00 0x1f 0x90]

close
closed
