#
# Copyright 2016-2017 The Reaktivity Project
#
# The Reaktivity Project licenses this file to you under the Apache License,
# version 2.0 (the "License"); you may not use this file except in compliance
# with the License. You may obtain a copy of the License at:
#
#   http://www.apache.org/licenses/LICENSE-2.0
#
# Unless required by applicable law or agreed to in writing, software
# distributed under the License is distributed on an "AS IS" BASIS, WITHOUT
# WARRANTIES OR CONDITIONS OF ANY KIND, either express or implied. See the
# License for the specific language governing permissions and limitations
# under the License.
#

property newTargetInputRef ${nuklei:newReferenceId()} # external scope

property nuklei ${nuklei:directory("target/nukleus-itests").streamsCapacity(1024 * 1024, 64 * 1024)}

property targetInput ${nuklei.streams("target", "tcp#any")}
property targetOutputEst ${nuklei.streams("tcp", "target#partition")}

property newTargetInputId1 ${nuklei:newStreamId()}
property newTargetInputId2 ${nuklei:newStreamId()}
property newCorrelationId1 ${nuklei:newCorrelationId()}
property newCorrelationId2 ${nuklei:newCorrelationId()}

connect await ROUTED_INPUT
        "agrona://stream/bidirectional"
        option agrona:reader ${agrona:oneToOneReader(targetInput.throttle)}
        option agrona:writer ${agrona:oneToOneWriter(targetInput.buffer)}
connected

write [0x00 0x00 0x00 0x01]
write ${newTargetInputId1}
write ${newTargetInputRef}
write ${newCorrelationId1}
write [0x01] [0x7f 0x00 0x00 0x01]
write [0x1f 0x90]
write [0x01] [0x7f 0x00 0x00 0x01]
write [0x9f 0x90]
write flush

read [0x40 0x00 0x00 0x02]
read ${newTargetInputId1}
read [0..4]

write [0x00 0x00 0x00 0x01]
write ${newTargetInputId2}
write ${newTargetInputRef}
write ${newCorrelationId2}
write [0x01] [0x7f 0x00 0x00 0x01]
write [0x1f 0x90]
write [0x01] [0x7f 0x00 0x00 0x01]
write [0x9f 0x91]
write flush

read [0x40 0x00 0x00 0x02]
read ${newTargetInputId2}
read [0..4]

close
closed

connect await ROUTED_INPUT
        "agrona://stream/bidirectional"
        option agrona:reader ${agrona:oneToOneReader(targetOutputEst.buffer)}
        option agrona:writer ${agrona:oneToOneWriter(targetOutputEst.throttle)}
connected

# Stream 1 BEGIN
read [0x00 0x00 0x00 0x01]
read ([0..8]:targetOutputEstId1)
read [0x00 0x00 0x00 0x00 0x00 0x00 0x00 0x00]
read ${newCorrelationId1}

write [0x40 0x00 0x00 0x02]
write ${targetOutputEstId1}
write [0x00 0x02 0x00 0x00]
write flush

# Stream 2 BEGIN
read [0x00 0x00 0x00 0x01]
read ([0..8]:targetOutputEstId2)
read [0x00 0x00 0x00 0x00 0x00 0x00 0x00 0x00]
read ${newCorrelationId2}

write [0x40 0x00 0x00 0x02]
write ${targetOutputEstId2}
write [0x00 0x02 0x00 0x00]
write flush

read [0x00 0x00 0x00 0x02]
read ${targetOutputEstId1}
read [0x00 0x0d]
read "server data 1"

write [0x40 0x00 0x00 0x02]
write ${targetOutputEstId1}
write [0x00 0x00 0x00 0x0d]
write flush

read [0x00 0x00 0x00 0x02]
read ${targetOutputEstId2}
read [0x00 0x0d]
read "server data 2"

write [0x40 0x00 0x00 0x01]
write ${targetOutputEstId2}
write flush

close
closed
