#
# Copyright 2016-2017 The Reaktivity Project
#
# The Reaktivity Project licenses this file to you under the Apache License,
# version 2.0 (the "License"); you may not use this file except in compliance
# with the License. You may obtain a copy of the License at:
#
#   http://www.apache.org/licenses/LICENSE-2.0
#
# Unless required by applicable law or agreed to in writing, software
# distributed under the License is distributed on an "AS IS" BASIS, WITHOUT
# WARRANTIES OR CONDITIONS OF ANY KIND, either express or implied. See the
# License for the specific language governing permissions and limitations
# under the License.
#

property newClientAcceptRef ${nuklei:newReferenceId()} # external scope

connect await ROUTED_CLIENT
        "nukleus://tcp/streams/source"
    option nukleus:route ${newClientAcceptRef}
    option nukleus:window 8192
    option nukleus:transmission "simplex"

# TODO: expect a RESET frame to be received instead of WINDOW when k3po nukleus transport adds 
# support for this ("write aborted" or "connect aborted" without the presence on the connected keyword). 
# For now all we can do is expect WINDOW (connected) followed by RESET
connected
write aborted


