#
# Copyright 2016-2017 The Reaktivity Project
#
# The Reaktivity Project licenses this file to you under the Apache License,
# version 2.0 (the "License"); you may not use this file except in compliance
# with the License. You may obtain a copy of the License at:
#
#   http://www.apache.org/licenses/LICENSE-2.0
#
# Unless required by applicable law or agreed to in writing, software
# distributed under the License is distributed on an "AS IS" BASIS, WITHOUT
# WARRANTIES OR CONDITIONS OF ANY KIND, either express or implied. See the
# License for the specific language governing permissions and limitations
# under the License.
#

property nuklei ${nuklei:directory("target/nukleus-itests").streamsCapacity(1024 * 1024, 64 * 1024)}

property targetInitial ${nuklei.streams("target", "tcp#any")}

connect await ROUTED_INITIAL
        agrona://stream/bidirectional
        option reader ${agrona:oneToOneReader(targetInitial.buffer)}
        option writer ${agrona:oneToOneWriter(targetInitial.throttle)}
connected

read [0x00 0x00 0x00 0x01]
read ([0..8]:initialId)
read ([0..8]:initialRef)
read ([0..8]:correlationId)
read [0x10]
read ([0..8]:localAddress)
read ([0..8]:remoteAddress)

write [0x40 0x00 0x00 0x02]
write ${initialId}
write [0x00 0x02 0x00 0x00]
write flush

write notify WINDOW_UPDATED

read [0x00 0x00 0x00 0x02]
read ${initialId}
read [0x0b] "client data"
read [0x00]

write [0x40 0x00 0x00 0x02]
write ${initialId}
write [0x0d 0x00 0x00 0x00]
write flush

close
closed
